<?xml version="1.0" encoding="UTF-8"?>
<!-- Generated by org.testng.reporters.JUnitReportReporter -->
<testsuite skipped="0" hostname="Dell-PC" name="com.crm.qa.testcases.ContactsPageTest" tests="4" failures="0" timestamp="27 Aug 2018 12:47:11 GMT" time="359.184" errors="0">
  <testcase name="verifyCreateContactTest" time="95.995" classname="com.crm.qa.testcases.ContactsPageTest"/>
  <testcase name="verifyCreateContactTest" time="83.426" classname="com.crm.qa.testcases.ContactsPageTest"/>
  <testcase name="verifyCreateContactTest" time="84.506" classname="com.crm.qa.testcases.ContactsPageTest"/>
  <testcase name="verifyContactsPageLabel" time="95.257" classname="com.crm.qa.testcases.ContactsPageTest"/>
</testsuite> <!-- com.crm.qa.testcases.ContactsPageTest -->
