<?xml version="1.0" encoding="UTF-8"?>
<!-- Generated by org.testng.reporters.JUnitReportReporter -->
<testsuite skipped="0" hostname="Dell-PC" name="com.crm.qa.testcases.HomePageTest" tests="1" failures="0" timestamp="14 Sep 2018 08:43:17 GMT" time="72.669" errors="0">
  <testcase name="verifyhomePageTitleTest" time="72.669" classname="com.crm.qa.testcases.HomePageTest"/>
</testsuite> <!-- com.crm.qa.testcases.HomePageTest -->
