<?xml version="1.0" encoding="UTF-8"?>
<!-- Generated by org.testng.reporters.JUnitReportReporter -->
<testsuite skipped="0" hostname="Dell-PC" name="com.crm.qa.testcases.ContactsPageTest" tests="4" failures="0" timestamp="14 Sep 2018 08:43:17 GMT" time="275.610" errors="0">
  <testcase name="verifyCreateContactTest" time="58.220" classname="com.crm.qa.testcases.ContactsPageTest"/>
  <testcase name="verifyCreateContactTest" time="60.498" classname="com.crm.qa.testcases.ContactsPageTest"/>
  <testcase name="verifyContactsPageLabel" time="70.209" classname="com.crm.qa.testcases.ContactsPageTest"/>
  <testcase name="verifyCreateContactTest" time="86.683" classname="com.crm.qa.testcases.ContactsPageTest"/>
</testsuite> <!-- com.crm.qa.testcases.ContactsPageTest -->
