<?xml version="1.0" encoding="UTF-8"?>
<!-- Generated by org.testng.reporters.JUnitReportReporter -->
<testsuite skipped="0" hostname="Dell-PC" name="com.crm.qa.testcases.LoginPageTest" tests="1" failures="0" timestamp="14 Sep 2018 08:43:17 GMT" time="38.280" errors="0">
  <testcase name="LoginPageTitleTest" time="38.280" classname="com.crm.qa.testcases.LoginPageTest"/>
</testsuite> <!-- com.crm.qa.testcases.LoginPageTest -->
